cursoavanzado/build/app/intermediates/manifest_merge_blame_file/debug/manifest-merger-blame-debug-report.txt
1<?xml version="1.0" encoding="utf-8"?>
2<manifest xmlns:android="http://schemas.android.com/apk/res/android"
3    package="com.example.cursoavanzado"
4    android:versionCode="1"
5    android:versionName="1.0.0" >
6
7    <uses-sdk
8        android:minSdkVersion="16"
9        android:targetSdkVersion="31" />
10    <!--
11         Flutter needs it to communicate with the running application
12         to allow setting breakpoints, to provide hot reload, etc.
13    -->
14    <uses-permission android:name="android.permission.INTERNET" />
14-->src/debug/AndroidManifest.xml:6:5-66
14-->src/debug/AndroidManifest.xml:6:22-64
15    <!-- Although the *SdkVersion is captured in gradle build files, this is required for non gradle builds -->
16    <!-- <uses-sdk android:minSdkVersion="14"/> -->
17    <uses-permission android:name="android.permission.ACCESS_NETWORK_STATE" />
17-->[com.google.firebase:firebase-storage:19.2.0] AndroidManifest.xml:26:5-79
17-->[com.google.firebase:firebase-storage:19.2.0] AndroidManifest.xml:26:22-76
18    <uses-permission android:name="android.permission.WAKE_LOCK" />
18-->[com.google.android.gms:play-services-measurement-api:17.6.0] AndroidManifest.xml:24:5-68
18-->[com.google.android.gms:play-services-measurement-api:17.6.0] AndroidManifest.xml:24:22-65
19    <uses-permission android:name="com.google.android.finsky.permission.BIND_GET_INSTALL_REFERRER_SERVICE" />
19-->[com.google.android.gms:play-services-measurement:17.6.0] AndroidManifest.xml:26:5-110
19-->[com.google.android.gms:play-services-measurement:17.6.0] AndroidManifest.xml:26:22-107
20
21    <application
22        android:name="android.app.Application"
23        android:appComponentFactory="androidx.core.app.CoreComponentFactory"
23-->[androidx.core:core:1.6.0] AndroidManifest.xml:24:18-86
24        android:debuggable="true"
25        android:icon="@mipmap/ic_launcher"
26        android:label="cursoavanzado" >
27        <activity
28            android:name="com.example.cursoavanzado.MainActivity"
29            android:configChanges="orientation|keyboardHidden|keyboard|screenSize|smallestScreenSize|locale|layoutDirection|fontScale|screenLayout|density|uiMode"
30            android:exported="true"
31            android:hardwareAccelerated="true"
32            android:launchMode="singleTop"
33            android:theme="@style/LaunchTheme"
34            android:windowSoftInputMode="adjustResize" >
35
36            <!--
37                 Specifies an Android theme to apply to this Activity as soon as
38                 the Android process has started. This theme is visible to the user
39                 while the Flutter UI initializes. After that, this theme continues
40                 to determine the Window background behind the Flutter UI.
41            -->
42            <meta-data
43                android:name="io.flutter.embedding.android.NormalTheme"
44                android:resource="@style/NormalTheme" />
45
46            <intent-filter>
47                <action android:name="android.intent.action.MAIN" />
48
49                <category android:name="android.intent.category.LAUNCHER" />
50            </intent-filter>
51        </activity>
52        <!--
53             Don't delete the meta-data below.
54             This is used by the Flutter tool to generate GeneratedPluginRegistrant.java
55        -->
56        <meta-data
57            android:name="flutterEmbedding"
58            android:value="2" />
59
60        <service
60-->[:firebase_auth] AndroidManifest.xml:8:9-12:19
61            android:name="com.google.firebase.components.ComponentDiscoveryService"
61-->[:firebase_auth] AndroidManifest.xml:8:18-89
62            android:directBootAware="true"
62-->[com.google.firebase:firebase-common:19.3.1] AndroidManifest.xml:35:13-43
63            android:exported="false" >
63-->[com.google.firebase:firebase-storage:19.2.0] AndroidManifest.xml:32:13-37
64            <meta-data
64-->[:firebase_auth] AndroidManifest.xml:9:13-11:85
65                android:name="com.google.firebase.components:io.flutter.plugins.firebase.auth.FlutterFirebaseAuthRegistrar"
65-->[:firebase_auth] AndroidManifest.xml:10:17-124
66                android:value="com.google.firebase.components.ComponentRegistrar" />
66-->[:firebase_auth] AndroidManifest.xml:11:17-82
67            <meta-data
67-->[:firebase_storage] AndroidManifest.xml:9:13-11:85
68                android:name="com.google.firebase.components:io.flutter.plugins.firebase.storage.FlutterFirebaseAppRegistrar"
68-->[:firebase_storage] AndroidManifest.xml:10:17-126
69                android:value="com.google.firebase.components.ComponentRegistrar" />
69-->[:firebase_storage] AndroidManifest.xml:11:17-82
70            <meta-data
70-->[:cloud_firestore] AndroidManifest.xml:9:13-11:85
71                android:name="com.google.firebase.components:io.flutter.plugins.firebase.firestore.FlutterFirebaseFirestoreRegistrar"
71-->[:cloud_firestore] AndroidManifest.xml:10:17-134
72                android:value="com.google.firebase.components.ComponentRegistrar" />
72-->[:cloud_firestore] AndroidManifest.xml:11:17-82
73            <meta-data
73-->[:firebase_core] AndroidManifest.xml:9:13-11:85
74                android:name="com.google.firebase.components:io.flutter.plugins.firebase.core.FlutterFirebaseCoreRegistrar"
74-->[:firebase_core] AndroidManifest.xml:10:17-124
75                android:value="com.google.firebase.components.ComponentRegistrar" />
75-->[:firebase_core] AndroidManifest.xml:11:17-82
76            <meta-data
76-->[com.google.firebase:firebase-storage:19.2.0] AndroidManifest.xml:33:13-35:85
77                android:name="com.google.firebase.components:com.google.firebase.storage.StorageRegistrar"
77-->[com.google.firebase:firebase-storage:19.2.0] AndroidManifest.xml:34:17-107
78                android:value="com.google.firebase.components.ComponentRegistrar" />
78-->[com.google.firebase:firebase-storage:19.2.0] AndroidManifest.xml:35:17-82
79            <meta-data
79-->[com.google.firebase:firebase-firestore:21.7.1] AndroidManifest.xml:20:13-22:85
80                android:name="com.google.firebase.components:com.google.firebase.firestore.FirestoreRegistrar"
80-->[com.google.firebase:firebase-firestore:21.7.1] AndroidManifest.xml:21:17-111
81                android:value="com.google.firebase.components.ComponentRegistrar" />
81-->[com.google.firebase:firebase-firestore:21.7.1] AndroidManifest.xml:22:17-82
82            <meta-data
82-->[com.google.firebase:firebase-auth:19.4.0] AndroidManifest.xml:36:13-38:85
83                android:name="com.google.firebase.components:com.google.firebase.auth.FirebaseAuthRegistrar"
83-->[com.google.firebase:firebase-auth:19.4.0] AndroidManifest.xml:37:17-109
84                android:value="com.google.firebase.components.ComponentRegistrar" />
84-->[com.google.firebase:firebase-auth:19.4.0] AndroidManifest.xml:38:17-82
85            <meta-data
85-->[com.google.android.gms:play-services-measurement-api:17.6.0] AndroidManifest.xml:30:13-32:85
86                android:name="com.google.firebase.components:com.google.firebase.analytics.connector.internal.AnalyticsConnectorRegistrar"
86-->[com.google.android.gms:play-services-measurement-api:17.6.0] AndroidManifest.xml:31:17-139
87                android:value="com.google.firebase.components.ComponentRegistrar" />
87-->[com.google.android.gms:play-services-measurement-api:17.6.0] AndroidManifest.xml:32:17-82
88            <meta-data
88-->[com.google.firebase:firebase-installations:16.3.2] AndroidManifest.xml:17:13-19:85
89                android:name="com.google.firebase.components:com.google.firebase.installations.FirebaseInstallationsRegistrar"
89-->[com.google.firebase:firebase-installations:16.3.2] AndroidManifest.xml:18:17-127
90                android:value="com.google.firebase.components.ComponentRegistrar" />
90-->[com.google.firebase:firebase-installations:16.3.2] AndroidManifest.xml:19:17-82
91        </service>
92
93        <activity
93-->[com.google.firebase:firebase-auth:19.4.0] AndroidManifest.xml:24:9-31:50
94            android:name="com.google.firebase.auth.internal.FederatedSignInActivity"
94-->[com.google.firebase:firebase-auth:19.4.0] AndroidManifest.xml:25:13-85
95            android:excludeFromRecents="true"
95-->[com.google.firebase:firebase-auth:19.4.0] AndroidManifest.xml:26:13-46
96            android:exported="true"
96-->[com.google.firebase:firebase-auth:19.4.0] AndroidManifest.xml:27:13-36
97            android:launchMode="singleTask"
97-->[com.google.firebase:firebase-auth:19.4.0] AndroidManifest.xml:28:13-44
98            android:permission="com.google.firebase.auth.api.gms.permission.LAUNCH_FEDERATED_SIGN_IN"
98-->[com.google.firebase:firebase-auth:19.4.0] AndroidManifest.xml:29:13-102
99            android:theme="@android:style/Theme.Translucent.NoTitleBar" />
99-->[com.google.firebase:firebase-auth:19.4.0] AndroidManifest.xml:30:13-72
100        <activity
100-->[com.google.android.gms:play-services-auth:16.0.1] AndroidManifest.xml:23:9-27:75
101            android:name="com.google.android.gms.auth.api.signin.internal.SignInHubActivity"
101-->[com.google.android.gms:play-services-auth:16.0.1] AndroidManifest.xml:24:13-93
102            android:excludeFromRecents="true"
102-->[com.google.android.gms:play-services-auth:16.0.1] AndroidManifest.xml:25:13-46
103            android:exported="false"
103-->[com.google.android.gms:play-services-auth:16.0.1] AndroidManifest.xml:26:13-37
104            android:theme="@android:style/Theme.Translucent.NoTitleBar" />
104-->[com.google.android.gms:play-services-auth:16.0.1] AndroidManifest.xml:27:13-72
105        <!--
106            Service handling Google Sign-In user revocation. For apps that do not integrate with
107            Google Sign-In, this service will never be started.
108        -->
109        <service
109-->[com.google.android.gms:play-services-auth:16.0.1] AndroidManifest.xml:33:9-36:110
110            android:name="com.google.android.gms.auth.api.signin.RevocationBoundService"
110-->[com.google.android.gms:play-services-auth:16.0.1] AndroidManifest.xml:34:13-89
111            android:exported="true"
111-->[com.google.android.gms:play-services-auth:16.0.1] AndroidManifest.xml:35:13-36
112            android:permission="com.google.android.gms.auth.api.signin.permission.REVOCATION_NOTIFICATION" />
112-->[com.google.android.gms:play-services-auth:16.0.1] AndroidManifest.xml:36:13-107
113
114        <activity
114-->[com.google.android.gms:play-services-base:17.1.0] AndroidManifest.xml:23:9-26:75
115            android:name="com.google.android.gms.common.api.GoogleApiActivity"
115-->[com.google.android.gms:play-services-base:17.1.0] AndroidManifest.xml:24:13-79
116            android:exported="false"
116-->[com.google.android.gms:play-services-base:17.1.0] AndroidManifest.xml:25:13-37
117            android:theme="@android:style/Theme.Translucent.NoTitleBar" />
117-->[com.google.android.gms:play-services-base:17.1.0] AndroidManifest.xml:26:13-72
118
119        <provider
119-->[com.google.firebase:firebase-common:19.3.1] AndroidManifest.xml:26:9-31:39
120            android:name="com.google.firebase.provider.FirebaseInitProvider"
120-->[com.google.firebase:firebase-common:19.3.1] AndroidManifest.xml:27:13-77
121            android:authorities="com.example.cursoavanzado.firebaseinitprovider"
121-->[com.google.firebase:firebase-common:19.3.1] AndroidManifest.xml:28:13-72
122            android:directBootAware="true"
122-->[com.google.firebase:firebase-common:19.3.1] AndroidManifest.xml:29:13-43
123            android:exported="false"
123-->[com.google.firebase:firebase-common:19.3.1] AndroidManifest.xml:30:13-37
124            android:initOrder="100" />
124-->[com.google.firebase:firebase-common:19.3.1] AndroidManifest.xml:31:13-36
125
126        <receiver
126-->[com.google.android.gms:play-services-measurement:17.6.0] AndroidManifest.xml:29:9-33:20
127            android:name="com.google.android.gms.measurement.AppMeasurementReceiver"
127-->[com.google.android.gms:play-services-measurement:17.6.0] AndroidManifest.xml:30:13-85
128            android:enabled="true"
128-->[com.google.android.gms:play-services-measurement:17.6.0] AndroidManifest.xml:31:13-35
129            android:exported="false" >
129-->[com.google.android.gms:play-services-measurement:17.6.0] AndroidManifest.xml:32:13-37
130        </receiver>
131
132        <service
132-->[com.google.android.gms:play-services-measurement:17.6.0] AndroidManifest.xml:35:9-38:40
133            android:name="com.google.android.gms.measurement.AppMeasurementService"
133-->[com.google.android.gms:play-services-measurement:17.6.0] AndroidManifest.xml:36:13-84
134            android:enabled="true"
134-->[com.google.android.gms:play-services-measurement:17.6.0] AndroidManifest.xml:37:13-35
135            android:exported="false" />
135-->[com.google.android.gms:play-services-measurement:17.6.0] AndroidManifest.xml:38:13-37
136        <service
136-->[com.google.android.gms:play-services-measurement:17.6.0] AndroidManifest.xml:39:9-43:72
137            android:name="com.google.android.gms.measurement.AppMeasurementJobService"
137-->[com.google.android.gms:play-services-measurement:17.6.0] AndroidManifest.xml:40:13-87
138            android:enabled="true"
138-->[com.google.android.gms:play-services-measurement:17.6.0] AndroidManifest.xml:41:13-35
139            android:exported="false"
139-->[com.google.android.gms:play-services-measurement:17.6.0] AndroidManifest.xml:42:13-37
140            android:permission="android.permission.BIND_JOB_SERVICE" />
140-->[com.google.android.gms:play-services-measurement:17.6.0] AndroidManifest.xml:43:13-69
141
142        <meta-data
142-->[com.google.android.gms:play-services-basement:17.0.0] AndroidManifest.xml:23:9-25:69
143            android:name="com.google.android.gms.version"
143-->[com.google.android.gms:play-services-basement:17.0.0] AndroidManifest.xml:24:13-58
144            android:value="@integer/google_play_services_version" />
144-->[com.google.android.gms:play-services-basement:17.0.0] AndroidManifest.xml:25:13-66
145    </application>
146
147</manifest>